
Preparing prompts:   0%|[38;2;0;243;180m          [0m| 0/256 [00:00<?, ?it/s]
                                                          

  0%|          | 0/256 [00:00<?, ?it/s]
probes.promptinject.HijackHateHumans:   0%|          | 0/256 [00:00<?, ?it/s]

  0%|[38;2;192;97;203m          [0m| 0/5 [00:00<?, ?it/s][A

REST local-fastapi-llm:   0%|[38;2;192;97;203m          [0m| 0/5 [00:00<?, ?it/s][A

REST local-fastapi-llm:  20%|[38;2;192;97;203m##        [0m| 1/5 [00:04<00:19,  4.82s/it][A

REST local-fastapi-llm:  40%|[38;2;192;97;203m####      [0m| 2/5 [00:09<00:13,  4.64s/it][A

REST local-fastapi-llm:  60%|[38;2;192;97;203m######    [0m| 3/5 [00:13<00:09,  4.60s/it][A

REST local-fastapi-llm:  80%|[38;2;192;97;203m########  [0m| 4/5 [00:18<00:04,  4.61s/it][A

REST local-fastapi-llm: 100%|[38;2;192;97;203m##########[0m| 5/5 [00:22<00:00,  4.50s/it][A

                                                                     [A
probes.promptinject.HijackHateHumans:   0%|          | 1/256 [00:22<1:36:55, 22.80s/it]

  0%|[38;2;192;97;203m          [0m| 0/5 [00:00<?, ?it/s][A

REST local-fastapi-llm:   0%|[38;2;192;97;203m          [0m| 0/5 [00:00<?, ?it/s][A

REST local-fastapi-llm:  20%|[38;2;192;97;203m##        [0m| 1/5 [00:04<00:16,  4.16s/it][A

REST local-fastapi-llm:  40%|[38;2;192;97;203m####      [0m| 2/5 [00:09<00:13,  4.60s/it][A

REST local-fastapi-llm:  60%|[38;2;192;97;203m######    [0m| 3/5 [00:13<00:08,  4.40s/it][A

REST local-fastapi-llm:  80%|[38;2;192;97;203m########  [0m| 4/5 [00:17<00:04,  4.36s/it][A

REST local-fastapi-llm: 100%|[38;2;192;97;203m##########[0m| 5/5 [00:22<00:00,  4.43s/it][A

                                                                     [A
probes.promptinject.HijackHateHumans:   1%|          | 2/256 [00:44<1:34:43, 22.38s/it]

  0%|[38;2;192;97;203m          [0m| 0/5 [00:00<?, ?it/s][A

REST local-fastapi-llm:   0%|[38;2;192;97;203m          [0m| 0/5 [00:00<?, ?it/s][A

REST local-fastapi-llm:  20%|[38;2;192;97;203m##        [0m| 1/5 [00:04<00:16,  4.12s/it][A

REST local-fastapi-llm:  40%|[38;2;192;97;203m####      [0m| 2/5 [00:09<00:14,  4.99s/it][A

REST local-fastapi-llm:  60%|[38;2;192;97;203m######    [0m| 3/5 [00:13<00:09,  4.57s/it][A

REST local-fastapi-llm:  80%|[38;2;192;97;203m########  [0m| 4/5 [00:17<00:04,  4.36s/it][A

REST local-fastapi-llm: 100%|[38;2;192;97;203m##########[0m| 5/5 [00:22<00:00,  4.30s/it][A

                                                                     [A
probes.promptinject.HijackHateHumans:   1%|1         | 3/256 [01:06<1:33:39, 22.21s/it]

  0%|[38;2;192;97;203m          [0m| 0/5 [00:00<?, ?it/s][A

REST local-fastapi-llm:   0%|[38;2;192;97;203m          [0m| 0/5 [00:00<?, ?it/s][A

REST local-fastapi-llm:  20%|[38;2;192;97;203m##        [0m| 1/5 [00:04<00:18,  4.65s/it][A

REST local-fastapi-llm:  40%|[38;2;192;97;203m####      [0m| 2/5 [00:09<00:13,  4.52s/it][A

REST local-fastapi-llm:  60%|[38;2;192;97;203m######    [0m| 3/5 [00:13<00:09,  4.57s/it][A

REST local-fastapi-llm:  80%|[38;2;192;97;203m########  [0m| 4/5 [00:18<00:04,  4.60s/it][A

REST local-fastapi-llm: 100%|[38;2;192;97;203m##########[0m| 5/5 [00:23<00:00,  4.62s/it][A

                                                                     [A
probes.promptinject.HijackHateHumans:   2%|1         | 4/256 [01:29<1:34:36, 22.53s/it]

  0%|[38;2;192;97;203m          [0m| 0/5 [00:00<?, ?it/s][A

REST local-fastapi-llm:   0%|[38;2;192;97;203m          [0m| 0/5 [00:00<?, ?it/s][A

REST local-fastapi-llm:  20%|[38;2;192;97;203m##        [0m| 1/5 [00:04<00:16,  4.12s/it][A

REST local-fastapi-llm:  40%|[38;2;192;97;203m####      [0m| 2/5 [00:08<00:12,  4.07s/it][A

REST local-fastapi-llm:  60%|[38;2;192;97;203m######    [0m| 3/5 [00:12<00:08,  4.11s/it][A

REST local-fastapi-llm:  80%|[38;2;192;97;203m########  [0m| 4/5 [00:16<00:04,  4.10s/it][A

REST local-fastapi-llm: 100%|[38;2;192;97;203m##########[0m| 5/5 [00:20<00:00,  4.09s/it][A

                                                                     [A
probes.promptinject.HijackHateHumans:   2%|1         | 5/256 [01:50<1:31:08, 21.79s/it]

  0%|[38;2;192;97;203m          [0m| 0/5 [00:00<?, ?it/s][A

REST local-fastapi-llm:   0%|[38;2;192;97;203m          [0m| 0/5 [00:00<?, ?it/s][A

REST local-fastapi-llm:  20%|[38;2;192;97;203m##        [0m| 1/5 [00:04<00:16,  4.10s/it][A

REST local-fastapi-llm:  40%|[38;2;192;97;203m####      [0m| 2/5 [00:08<00:12,  4.07s/it][A

REST local-fastapi-llm:  60%|[38;2;192;97;203m######    [0m| 3/5 [00:12<00:08,  4.15s/it][A

REST local-fastapi-llm:  80%|[38;2;192;97;203m########  [0m| 4/5 [00:16<00:04,  4.12s/it][A

REST local-fastapi-llm: 100%|[38;2;192;97;203m##########[0m| 5/5 [00:20<00:00,  4.09s/it][A

                                                                     [A
probes.promptinject.HijackHateHumans:   2%|2         | 6/256 [02:10<1:28:59, 21.36s/it]

  0%|[38;2;192;97;203m          [0m| 0/5 [00:00<?, ?it/s][A

REST local-fastapi-llm:   0%|[38;2;192;97;203m          [0m| 0/5 [00:00<?, ?it/s][A

REST local-fastapi-llm:  20%|[38;2;192;97;203m##        [0m| 1/5 [00:04<00:16,  4.22s/it][A

REST local-fastapi-llm:  40%|[38;2;192;97;203m####      [0m| 2/5 [00:08<00:12,  4.21s/it][A

REST local-fastapi-llm:  60%|[38;2;192;97;203m######    [0m| 3/5 [00:12<00:08,  4.14s/it][A

REST local-fastapi-llm:  80%|[38;2;192;97;203m########  [0m| 4/5 [00:16<00:04,  4.12s/it][A

REST local-fastapi-llm: 100%|[38;2;192;97;203m##########[0m| 5/5 [00:20<00:00,  4.10s/it][A

                                                                     [A
probes.promptinject.HijackHateHumans:   3%|2         | 7/256 [02:31<1:27:39, 21.12s/it]

  0%|[38;2;192;97;203m          [0m| 0/5 [00:00<?, ?it/s][A

REST local-fastapi-llm:   0%|[38;2;192;97;203m          [0m| 0/5 [00:00<?, ?it/s][A

REST local-fastapi-llm:  20%|[38;2;192;97;203m##        [0m| 1/5 [00:04<00:17,  4.40s/it][A

REST local-fastapi-llm:  40%|[38;2;192;97;203m####      [0m| 2/5 [00:08<00:13,  4.39s/it][A

REST local-fastapi-llm:  60%|[38;2;192;97;203m######    [0m| 3/5 [00:13<00:08,  4.38s/it][A

REST local-fastapi-llm:  80%|[38;2;192;97;203m########  [0m| 4/5 [00:17<00:04,  4.37s/it][A

REST local-fastapi-llm: 100%|[38;2;192;97;203m##########[0m| 5/5 [00:22<00:00,  4.45s/it][A

                                                                     [A
probes.promptinject.HijackHateHumans:   3%|3         | 8/256 [02:53<1:28:35, 21.43s/it]

  0%|[38;2;192;97;203m          [0m| 0/5 [00:00<?, ?it/s][A

REST local-fastapi-llm:   0%|[38;2;192;97;203m          [0m| 0/5 [00:00<?, ?it/s][A

REST local-fastapi-llm:  20%|[38;2;192;97;203m##        [0m| 1/5 [00:04<00:16,  4.05s/it][A

REST local-fastapi-llm:  40%|[38;2;192;97;203m####      [0m| 2/5 [00:08<00:12,  4.13s/it][A

REST local-fastapi-llm:  60%|[38;2;192;97;203m######    [0m| 3/5 [00:12<00:08,  4.11s/it][A

REST local-fastapi-llm:  80%|[38;2;192;97;203m########  [0m| 4/5 [00:16<00:04,  4.09s/it][A

REST local-fastapi-llm: 100%|[38;2;192;97;203m##########[0m| 5/5 [00:20<00:00,  4.08s/it][A

                                                                     [A
probes.promptinject.HijackHateHumans:   4%|3         | 9/256 [03:14<1:26:57, 21.12s/it]

  0%|[38;2;192;97;203m          [0m| 0/5 [00:00<?, ?it/s][A

REST local-fastapi-llm:   0%|[38;2;192;97;203m          [0m| 0/5 [00:00<?, ?it/s][A

REST local-fastapi-llm:  20%|[38;2;192;97;203m##        [0m| 1/5 [00:04<00:16,  4.07s/it][A

REST local-fastapi-llm:  40%|[38;2;192;97;203m####      [0m| 2/5 [00:08<00:12,  4.08s/it][A

REST local-fastapi-llm:  60%|[38;2;192;97;203m######    [0m| 3/5 [00:12<00:08,  4.07s/it][A

REST local-fastapi-llm:  80%|[38;2;192;97;203m########  [0m| 4/5 [00:16<00:04,  4.08s/it][A

REST local-fastapi-llm: 100%|[38;2;192;97;203m##########[0m| 5/5 [00:22<00:00,  4.74s/it][A

                                                                     [A
probes.promptinject.HijackHateHumans:   4%|3         | 10/256 [03:36<1:28:00, 21.47s/it]

  0%|[38;2;192;97;203m          [0m| 0/5 [00:00<?, ?it/s][A

REST local-fastapi-llm:   0%|[38;2;192;97;203m          [0m| 0/5 [00:00<?, ?it/s][A

REST local-fastapi-llm:  20%|[38;2;192;97;203m##        [0m| 1/5 [00:04<00:17,  4.49s/it][A

REST local-fastapi-llm:  40%|[38;2;192;97;203m####      [0m| 2/5 [00:08<00:12,  4.26s/it][A

REST local-fastapi-llm:  60%|[38;2;192;97;203m######    [0m| 3/5 [00:12<00:08,  4.17s/it][A

REST local-fastapi-llm:  80%|[38;2;192;97;203m########  [0m| 4/5 [00:16<00:04,  4.14s/it][A

REST local-fastapi-llm: 100%|[38;2;192;97;203m##########[0m| 5/5 [00:21<00:00,  4.21s/it][A

                                                                     [A
probes.promptinject.HijackHateHumans:   4%|4         | 11/256 [03:57<1:27:11, 21.35s/it]

  0%|[38;2;192;97;203m          [0m| 0/5 [00:00<?, ?it/s][A

REST local-fastapi-llm:   0%|[38;2;192;97;203m          [0m| 0/5 [00:00<?, ?it/s][A

REST local-fastapi-llm:  20%|[38;2;192;97;203m##        [0m| 1/5 [00:04<00:16,  4.06s/it][A

REST local-fastapi-llm:  40%|[38;2;192;97;203m####      [0m| 2/5 [00:08<00:12,  4.15s/it][A

REST local-fastapi-llm:  60%|[38;2;192;97;203m######    [0m| 3/5 [00:12<00:08,  4.11s/it][A

REST local-fastapi-llm:  80%|[38;2;192;97;203m########  [0m| 4/5 [00:23<00:06,  6.84s/it][A

REST local-fastapi-llm: 100%|[38;2;192;97;203m##########[0m| 5/5 [00:27<00:00,  5.84s/it][A

                                                                     [A
probes.promptinject.HijackHateHumans:   5%|4         | 12/256 [04:24<1:34:21, 23.20s/it]

  0%|[38;2;192;97;203m          [0m| 0/5 [00:00<?, ?it/s][A

REST local-fastapi-llm:   0%|[38;2;192;97;203m          [0m| 0/5 [00:00<?, ?it/s][A

REST local-fastapi-llm:  20%|[38;2;192;97;203m##        [0m| 1/5 [00:04<00:16,  4.20s/it][A

REST local-fastapi-llm:  40%|[38;2;192;97;203m####      [0m| 2/5 [00:08<00:12,  4.19s/it][A

REST local-fastapi-llm:  60%|[38;2;192;97;203m######    [0m| 3/5 [00:12<00:08,  4.15s/it][A

REST local-fastapi-llm:  80%|[38;2;192;97;203m########  [0m| 4/5 [00:16<00:04,  4.11s/it][A

REST local-fastapi-llm: 100%|[38;2;192;97;203m##########[0m| 5/5 [00:20<00:00,  4.10s/it][A

                                                                     [A
probes.promptinject.HijackHateHumans:   5%|5         | 13/256 [04:45<1:30:47, 22.42s/it]

  0%|[38;2;192;97;203m          [0m| 0/5 [00:00<?, ?it/s][A

REST local-fastapi-llm:   0%|[38;2;192;97;203m          [0m| 0/5 [00:00<?, ?it/s][A

REST local-fastapi-llm:  20%|[38;2;192;97;203m##        [0m| 1/5 [00:04<00:17,  4.49s/it][A

REST local-fastapi-llm:  40%|[38;2;192;97;203m####      [0m| 2/5 [00:08<00:13,  4.43s/it][A

REST local-fastapi-llm:  60%|[38;2;192;97;203m######    [0m| 3/5 [00:13<00:08,  4.48s/it][A

REST local-fastapi-llm:  80%|[38;2;192;97;203m########  [0m| 4/5 [00:17<00:04,  4.46s/it][A

REST local-fastapi-llm: 100%|[38;2;192;97;203m##########[0m| 5/5 [00:22<00:00,  4.45s/it][A

                                                                     [A
probes.promptinject.HijackHateHumans:   5%|5         | 14/256 [05:07<1:30:15, 22.38s/it]

  0%|[38;2;192;97;203m          [0m| 0/5 [00:00<?, ?it/s][A

REST local-fastapi-llm:   0%|[38;2;192;97;203m          [0m| 0/5 [00:00<?, ?it/s][A

REST local-fastapi-llm:  20%|[38;2;192;97;203m##        [0m| 1/5 [00:04<00:17,  4.28s/it][A

REST local-fastapi-llm:  40%|[38;2;192;97;203m####      [0m| 2/5 [00:08<00:12,  4.17s/it][A

REST local-fastapi-llm:  60%|[38;2;192;97;203m######    [0m| 3/5 [00:12<00:08,  4.13s/it][A

REST local-fastapi-llm:  80%|[38;2;192;97;203m########  [0m| 4/5 [00:16<00:04,  4.10s/it][A

REST local-fastapi-llm: 100%|[38;2;192;97;203m##########[0m| 5/5 [00:20<00:00,  4.11s/it][A

                                                                     [A
probes.promptinject.HijackHateHumans:   6%|5         | 15/256 [05:28<1:27:47, 21.86s/it]

  0%|[38;2;192;97;203m          [0m| 0/5 [00:00<?, ?it/s][A

REST local-fastapi-llm:   0%|[38;2;192;97;203m          [0m| 0/5 [00:00<?, ?it/s][A

                                                             [A
                                                                                        
Traceback (most recent call last):
  File "D:\llm\completeSuite\.venv-garak\Lib\site-packages\urllib3\connectionpool.py", line 534, in _make_request
    response = conn.getresponse()
               ^^^^^^^^^^^^^^^^^^
  File "D:\llm\completeSuite\.venv-garak\Lib\site-packages\urllib3\connection.py", line 571, in getresponse
    httplib_response = super().getresponse()
                       ^^^^^^^^^^^^^^^^^^^^^
  File "C:\Users\Virochan\AppData\Roaming\uv\python\cpython-3.12.11-windows-x86_64-none\Lib\http\client.py", line 1430, in getresponse
    response.begin()
  File "C:\Users\Virochan\AppData\Roaming\uv\python\cpython-3.12.11-windows-x86_64-none\Lib\http\client.py", line 331, in begin
    version, status, reason = self._read_status()
                              ^^^^^^^^^^^^^^^^^^^
  File "C:\Users\Virochan\AppData\Roaming\uv\python\cpython-3.12.11-windows-x86_64-none\Lib\http\client.py", line 292, in _read_status
    line = str(self.fp.readline(_MAXLINE + 1), "iso-8859-1")
               ^^^^^^^^^^^^^^^^^^^^^^^^^^^^^^
  File "C:\Users\Virochan\AppData\Roaming\uv\python\cpython-3.12.11-windows-x86_64-none\Lib\socket.py", line 720, in readinto
    return self._sock.recv_into(b)
           ^^^^^^^^^^^^^^^^^^^^^^^
TimeoutError: timed out

The above exception was the direct cause of the following exception:

Traceback (most recent call last):
  File "D:\llm\completeSuite\.venv-garak\Lib\site-packages\requests\adapters.py", line 644, in send
    resp = conn.urlopen(
           ^^^^^^^^^^^^^
  File "D:\llm\completeSuite\.venv-garak\Lib\site-packages\urllib3\connectionpool.py", line 841, in urlopen
    retries = retries.increment(
              ^^^^^^^^^^^^^^^^^^
  File "D:\llm\completeSuite\.venv-garak\Lib\site-packages\urllib3\util\retry.py", line 474, in increment
    raise reraise(type(error), error, _stacktrace)
          ^^^^^^^^^^^^^^^^^^^^^^^^^^^^^^^^^^^^^^^^
  File "D:\llm\completeSuite\.venv-garak\Lib\site-packages\urllib3\util\util.py", line 39, in reraise
    raise value
  File "D:\llm\completeSuite\.venv-garak\Lib\site-packages\urllib3\connectionpool.py", line 787, in urlopen
    response = self._make_request(
               ^^^^^^^^^^^^^^^^^^^
  File "D:\llm\completeSuite\.venv-garak\Lib\site-packages\urllib3\connectionpool.py", line 536, in _make_request
    self._raise_timeout(err=e, url=url, timeout_value=read_timeout)
  File "D:\llm\completeSuite\.venv-garak\Lib\site-packages\urllib3\connectionpool.py", line 367, in _raise_timeout
    raise ReadTimeoutError(
urllib3.exceptions.ReadTimeoutError: HTTPConnectionPool(host='localhost', port=8000): Read timed out. (read timeout=300)

During handling of the above exception, another exception occurred:

Traceback (most recent call last):
  File "<frozen runpy>", line 198, in _run_module_as_main
  File "<frozen runpy>", line 88, in _run_code
  File "D:\llm\completeSuite\.venv-garak\Lib\site-packages\garak\__main__.py", line 14, in <module>
    main()
  File "D:\llm\completeSuite\.venv-garak\Lib\site-packages\garak\__main__.py", line 9, in main
    cli.main(sys.argv[1:])
  File "D:\llm\completeSuite\.venv-garak\Lib\site-packages\garak\cli.py", line 627, in main
    command.probewise_run(
  File "D:\llm\completeSuite\.venv-garak\Lib\site-packages\garak\command.py", line 259, in probewise_run
    probewise_h.run(generator, probe_names, evaluator, buffs)
  File "D:\llm\completeSuite\.venv-garak\Lib\site-packages\garak\harnesses\probewise.py", line 109, in run
    super().run(model, [probe], detectors, evaluator, announce_probe=False)
  File "D:\llm\completeSuite\.venv-garak\Lib\site-packages\garak\harnesses\base.py", line 151, in run
    attempt_results = probe.probe(model)
                      ^^^^^^^^^^^^^^^^^^
  File "D:\llm\completeSuite\.venv-garak\Lib\site-packages\garak\probes\base.py", line 453, in probe
    attempts_completed = self._execute_all(attempts_todo)
                         ^^^^^^^^^^^^^^^^^^^^^^^^^^^^^^^^
  File "D:\llm\completeSuite\.venv-garak\Lib\site-packages\garak\probes\base.py", line 364, in _execute_all
    result = self._execute_attempt(this_attempt)
             ^^^^^^^^^^^^^^^^^^^^^^^^^^^^^^^^^^^
  File "D:\llm\completeSuite\.venv-garak\Lib\site-packages\garak\probes\base.py", line 306, in _execute_attempt
    this_attempt.outputs = self.generator.generate(
                           ^^^^^^^^^^^^^^^^^^^^^^^^
  File "D:\llm\completeSuite\.venv-garak\Lib\site-packages\garak\generators\base.py", line 226, in generate
    output_one = self._call_model(
                 ^^^^^^^^^^^^^^^^^
  File "D:\llm\completeSuite\.venv-garak\Lib\site-packages\backoff\_sync.py", line 105, in retry
    ret = target(*args, **kwargs)
          ^^^^^^^^^^^^^^^^^^^^^^^
  File "D:\llm\completeSuite\.venv-garak\Lib\site-packages\garak\generators\rest.py", line 228, in _call_model
    resp = self.http_function(self.uri, **req_kArgs)
           ^^^^^^^^^^^^^^^^^^^^^^^^^^^^^^^^^^^^^^^^^
  File "D:\llm\completeSuite\.venv-garak\Lib\site-packages\requests\api.py", line 115, in post
    return request("post", url, data=data, json=json, **kwargs)
           ^^^^^^^^^^^^^^^^^^^^^^^^^^^^^^^^^^^^^^^^^^^^^^^^^^^^
  File "D:\llm\completeSuite\.venv-garak\Lib\site-packages\requests\api.py", line 59, in request
    return session.request(method=method, url=url, **kwargs)
           ^^^^^^^^^^^^^^^^^^^^^^^^^^^^^^^^^^^^^^^^^^^^^^^^^
  File "D:\llm\completeSuite\.venv-garak\Lib\site-packages\requests\sessions.py", line 589, in request
    resp = self.send(prep, **send_kwargs)
           ^^^^^^^^^^^^^^^^^^^^^^^^^^^^^^
  File "D:\llm\completeSuite\.venv-garak\Lib\site-packages\requests\sessions.py", line 703, in send
    r = adapter.send(request, **kwargs)
        ^^^^^^^^^^^^^^^^^^^^^^^^^^^^^^^
  File "D:\llm\completeSuite\.venv-garak\Lib\site-packages\requests\adapters.py", line 690, in send
    raise ReadTimeout(e, request=request)
requests.exceptions.ReadTimeout: HTTPConnectionPool(host='localhost', port=8000): Read timed out. (read timeout=300)
